<?xml version="1.0" encoding="UTF-8" ?>
<testsuite tests="23" failures="3" name="finalprojectB.UrlValidator_ESTest" time="4.01" errors="2" skipped="0">
  <properties>
[...]
</properties>
  <testcase classname="finalprojectB.UrlValidator_ESTest" name="test00" time="0"/>
  <testcase classname="finalprojectB.UrlValidator_ESTest" name="test11" time="0"/>
  <testcase classname="finalprojectB.UrlValidator_ESTest" name="test22" time="0"/>
  <testcase classname="finalprojectB.UrlValidator_ESTest" name="test01" time="3.879">
    <error message="test timed out after 4000 milliseconds" type="org.junit.runners.model.TestTimedOutException">org.junit.runners.model.TestTimedOutException: test timed out after 4000 milliseconds
	at finalprojectB.UrlValidator.countToken(UrlValidator.java:471)
	at finalprojectB.UrlValidator_ESTest.test01(UrlValidator_ESTest.java:32)
	at sun.reflect.NativeMethodAccessorImpl.invoke0(Native Method)
	at sun.reflect.NativeMethodAccessorImpl.invoke(NativeMethodAccessorImpl.java:62)
	at sun.reflect.DelegatingMethodAccessorImpl.invoke(DelegatingMethodAccessorImpl.java:43)
	at java.lang.reflect.Method.invoke(Method.java:498)
	at org.junit.runners.model.FrameworkMethod$1.runReflectiveCall(FrameworkMethod.java:50)
	at org.junit.internal.runners.model.ReflectiveCallable.run(ReflectiveCallable.java:12)
	at org.junit.runners.model.FrameworkMethod.invokeExplosively(FrameworkMethod.java:47)
	at org.junit.internal.runners.statements.InvokeMethod.evaluate(InvokeMethod.java:17)
	at org.junit.internal.runners.statements.RunBefores.evaluate(RunBefores.java:26)
	at org.junit.internal.runners.statements.RunAfters.evaluate(RunAfters.java:27)
	at org.junit.internal.runners.statements.FailOnTimeout$CallableStatement.call(FailOnTimeout.java:298)
	at org.junit.internal.runners.statements.FailOnTimeout$CallableStatement.call(FailOnTimeout.java:292)
	at java.util.concurrent.FutureTask.run(FutureTask.java:266)
	at java.lang.Thread.run(Thread.java:748)
</error>
  </testcase>
  <testcase classname="finalprojectB.UrlValidator_ESTest" name="test12" time="0">
    <error message="Trying to set up the sandbox while executing a test case" type="java.lang.IllegalStateException">java.lang.IllegalStateException: Trying to set up the sandbox while executing a test case
	at org.evosuite.runtime.sandbox.MSecurityManager.goingToExecuteTestCase(MSecurityManager.java:346)
	at org.evosuite.runtime.sandbox.Sandbox.goingToExecuteSUTCode(Sandbox.java:130)
	at finalprojectB.UrlValidator_ESTest_scaffolding.initTestCase(UrlValidator_ESTest_scaffolding.java:51)
	at sun.reflect.NativeMethodAccessorImpl.invoke0(Native Method)
	at sun.reflect.NativeMethodAccessorImpl.invoke(NativeMethodAccessorImpl.java:62)
	at sun.reflect.DelegatingMethodAccessorImpl.invoke(DelegatingMethodAccessorImpl.java:43)
	at java.lang.reflect.Method.invoke(Method.java:498)
	at org.junit.runners.model.FrameworkMethod$1.runReflectiveCall(FrameworkMethod.java:50)
	at org.junit.internal.runners.model.ReflectiveCallable.run(ReflectiveCallable.java:12)
	at org.junit.runners.model.FrameworkMethod.invokeExplosively(FrameworkMethod.java:47)
	at org.junit.internal.runners.statements.RunBefores.evaluate(RunBefores.java:24)
	at org.junit.internal.runners.statements.RunAfters.evaluate(RunAfters.java:27)
	at org.junit.internal.runners.statements.FailOnTimeout$CallableStatement.call(FailOnTimeout.java:298)
	at org.junit.internal.runners.statements.FailOnTimeout$CallableStatement.call(FailOnTimeout.java:292)
	at java.util.concurrent.FutureTask.run(FutureTask.java:266)
	at java.lang.Thread.run(Thread.java:748)
</error>
    <system-out>[DEBUG] __STATIC_RESET() method does not exists in class finalprojectB.UrlValidator
</system-out>
  </testcase>
  <testcase classname="finalprojectB.UrlValidator_ESTest" name="test20" time="0.016"/>
  <testcase classname="finalprojectB.UrlValidator_ESTest" name="test10" time="0"/>
  <testcase classname="finalprojectB.UrlValidator_ESTest" name="test21" time="0"/>
  <testcase classname="finalprojectB.UrlValidator_ESTest" name="test04" time="0.034">
    <failure message="Expecting exception: IllegalStateException" type="java.lang.AssertionError">java.lang.AssertionError: Expecting exception: IllegalStateException
	at org.junit.Assert.fail(Assert.java:88)
	at finalprojectB.UrlValidator_ESTest.test04(UrlValidator_ESTest.java:73)
	at sun.reflect.NativeMethodAccessorImpl.invoke0(Native Method)
	at sun.reflect.NativeMethodAccessorImpl.invoke(NativeMethodAccessorImpl.java:62)
	at sun.reflect.DelegatingMethodAccessorImpl.invoke(DelegatingMethodAccessorImpl.java:43)
	at java.lang.reflect.Method.invoke(Method.java:498)
	at org.junit.runners.model.FrameworkMethod$1.runReflectiveCall(FrameworkMethod.java:50)
	at org.junit.internal.runners.model.ReflectiveCallable.run(ReflectiveCallable.java:12)
	at org.junit.runners.model.FrameworkMethod.invokeExplosively(FrameworkMethod.java:47)
	at org.junit.internal.runners.statements.InvokeMethod.evaluate(InvokeMethod.java:17)
	at org.junit.internal.runners.statements.RunBefores.evaluate(RunBefores.java:26)
	at org.junit.internal.runners.statements.RunAfters.evaluate(RunAfters.java:27)
	at org.junit.internal.runners.statements.FailOnTimeout$CallableStatement.call(FailOnTimeout.java:298)
	at org.junit.internal.runners.statements.FailOnTimeout$CallableStatement.call(FailOnTimeout.java:292)
	at java.util.concurrent.FutureTask.run(FutureTask.java:266)
	at java.lang.Thread.run(Thread.java:748)
</failure>
    <system-out>[DEBUG] __STATIC_RESET() method does not exists in class finalprojectB.UrlValidator
</system-out>
  </testcase>
  <testcase classname="finalprojectB.UrlValidator_ESTest" name="test15" time="0.003"/>
  <testcase classname="finalprojectB.UrlValidator_ESTest" name="test05" time="0"/>
  <testcase classname="finalprojectB.UrlValidator_ESTest" name="test16" time="0"/>
  <testcase classname="finalprojectB.UrlValidator_ESTest" name="test02" time="0"/>
  <testcase classname="finalprojectB.UrlValidator_ESTest" name="test13" time="0.016"/>
  <testcase classname="finalprojectB.UrlValidator_ESTest" name="test03" time="0"/>
  <testcase classname="finalprojectB.UrlValidator_ESTest" name="test14" time="0.015"/>
  <testcase classname="finalprojectB.UrlValidator_ESTest" name="test08" time="0.016"/>
  <testcase classname="finalprojectB.UrlValidator_ESTest" name="test19" time="0"/>
  <testcase classname="finalprojectB.UrlValidator_ESTest" name="test09" time="0"/>
  <testcase classname="finalprojectB.UrlValidator_ESTest" name="test06" time="0.016"/>
  <testcase classname="finalprojectB.UrlValidator_ESTest" name="test17" time="0">
    <failure message="Expecting exception: IllegalStateException" type="java.lang.AssertionError">java.lang.AssertionError: Expecting exception: IllegalStateException
	at org.junit.Assert.fail(Assert.java:88)
	at finalprojectB.UrlValidator_ESTest.test17(UrlValidator_ESTest.java:182)
	at sun.reflect.NativeMethodAccessorImpl.invoke0(Native Method)
	at sun.reflect.NativeMethodAccessorImpl.invoke(NativeMethodAccessorImpl.java:62)
	at sun.reflect.DelegatingMethodAccessorImpl.invoke(DelegatingMethodAccessorImpl.java:43)
	at java.lang.reflect.Method.invoke(Method.java:498)
	at org.junit.runners.model.FrameworkMethod$1.runReflectiveCall(FrameworkMethod.java:50)
	at org.junit.internal.runners.model.ReflectiveCallable.run(ReflectiveCallable.java:12)
	at org.junit.runners.model.FrameworkMethod.invokeExplosively(FrameworkMethod.java:47)
	at org.junit.internal.runners.statements.InvokeMethod.evaluate(InvokeMethod.java:17)
	at org.junit.internal.runners.statements.RunBefores.evaluate(RunBefores.java:26)
	at org.junit.internal.runners.statements.RunAfters.evaluate(RunAfters.java:27)
	at org.junit.internal.runners.statements.FailOnTimeout$CallableStatement.call(FailOnTimeout.java:298)
	at org.junit.internal.runners.statements.FailOnTimeout$CallableStatement.call(FailOnTimeout.java:292)
	at java.util.concurrent.FutureTask.run(FutureTask.java:266)
	at java.lang.Thread.run(Thread.java:748)
</failure>
    <system-out>[DEBUG] __STATIC_RESET() method does not exists in class finalprojectB.UrlValidator
</system-out>
  </testcase>
  <testcase classname="finalprojectB.UrlValidator_ESTest" name="test07" time="0"/>
  <testcase classname="finalprojectB.UrlValidator_ESTest" name="test18" time="0.015">
    <failure message="Expecting exception: NullPointerException" type="java.lang.AssertionError">java.lang.AssertionError: Expecting exception: NullPointerException
	at org.junit.Assert.fail(Assert.java:88)
	at finalprojectB.UrlValidator_ESTest.test18(UrlValidator_ESTest.java:199)
	at sun.reflect.NativeMethodAccessorImpl.invoke0(Native Method)
	at sun.reflect.NativeMethodAccessorImpl.invoke(NativeMethodAccessorImpl.java:62)
	at sun.reflect.DelegatingMethodAccessorImpl.invoke(DelegatingMethodAccessorImpl.java:43)
	at java.lang.reflect.Method.invoke(Method.java:498)
	at org.junit.runners.model.FrameworkMethod$1.runReflectiveCall(FrameworkMethod.java:50)
	at org.junit.internal.runners.model.ReflectiveCallable.run(ReflectiveCallable.java:12)
	at org.junit.runners.model.FrameworkMethod.invokeExplosively(FrameworkMethod.java:47)
	at org.junit.internal.runners.statements.InvokeMethod.evaluate(InvokeMethod.java:17)
	at org.junit.internal.runners.statements.RunBefores.evaluate(RunBefores.java:26)
	at org.junit.internal.runners.statements.RunAfters.evaluate(RunAfters.java:27)
	at org.junit.internal.runners.statements.FailOnTimeout$CallableStatement.call(FailOnTimeout.java:298)
	at org.junit.internal.runners.statements.FailOnTimeout$CallableStatement.call(FailOnTimeout.java:292)
	at java.util.concurrent.FutureTask.run(FutureTask.java:266)
	at java.lang.Thread.run(Thread.java:748)
</failure>
    <system-out>[DEBUG] __STATIC_RESET() method does not exists in class finalprojectB.UrlValidator
</system-out>
  </testcase>
</testsuite>